#-----------------------------------------------------------
# Vivado v2016.4 (64-bit)
# SW Build 1733598 on Wed Dec 14 22:35:39 MST 2016
# IP Build 1731160 on Wed Dec 14 23:47:21 MST 2016
# Start of session at: Wed Nov 25 21:51:06 2020
# Process ID: 6880
# Current directory: C:/Users/csce/Desktop/omar2/MS4
# Command line: vivado.exe -gui_launcher_event rodinguilauncherevent15924 C:\Users\csce\Desktop\omar2\MS4\MS4.xpr
# Log file: C:/Users/csce/Desktop/omar2/MS4/vivado.log
# Journal file: C:/Users/csce/Desktop/omar2/MS4\vivado.jou
#-----------------------------------------------------------
start_gui
open_project C:/Users/csce/Desktop/omar2/MS4/MS4.xpr
Scanning sources...
Finished scanning sources
INFO: [IP_Flow 19-234] Refreshing IP repositories
INFO: [IP_Flow 19-1704] No user IP repositories specified
INFO: [IP_Flow 19-2313] Loaded Vivado IP repository 'C:/Xilinx/Vivado/2016.4/data/ip'.
exit
INFO: [Common 17-206] Exiting Vivado at Wed Nov 25 22:06:03 2020...
