Copyright 1986-2016 Xilinx, Inc. All Rights Reserved.
----------------------------------------------------------------------------------------------------------------------------------------------------------
| Tool Version     : Vivado v.2016.4 (win64) Build 1733598 Wed Dec 14 22:35:39 MST 2016
| Date             : Tue Nov 24 01:05:00 2020
| Host             : CSE-P07-2168-07 running 64-bit major release  (build 9200)
| Command          : report_power -file RISCVHandler_power_routed.rpt -pb RISCVHandler_power_summary_routed.pb -rpx RISCVHandler_power_routed.rpx
| Design           : RISCVHandler
| Device           : xc7a100tcsg324-1
| Design State     : routed
| Grade            : commercial
| Process          : typical
| Characterization : Production
----------------------------------------------------------------------------------------------------------------------------------------------------------

Power Report

Table of Contents
-----------------
1. Summary
1.1 On-Chip Components
1.2 Power Supply Summary
1.3 Confidence Level
2. Settings
2.1 Environment
2.2 Clock Constraints
3. Detailed Reports
3.1 By Hierarchy

1. Summary
----------

+--------------------------+-------+
| Total On-Chip Power (W)  | 6.492 |
| Dynamic (W)              | 6.355 |
| Device Static (W)        | 0.137 |
| Effective TJA (C/W)      | 4.6   |
| Max Ambient (C)          | 55.4  |
| Junction Temperature (C) | 54.6  |
| Confidence Level         | Low   |
| Setting File             | ---   |
| Simulation Activity File | ---   |
| Design Nets Matched      | NA    |
+--------------------------+-------+


1.1 On-Chip Components
----------------------

+----------------+-----------+----------+-----------+-----------------+
| On-Chip        | Power (W) | Used     | Available | Utilization (%) |
+----------------+-----------+----------+-----------+-----------------+
| Slice Logic    |     0.798 |      736 |       --- |             --- |
|   LUT as Logic |     0.634 |      219 |     63400 |            0.35 |
|   Register     |     0.080 |      341 |    126800 |            0.27 |
|   CARRY4       |     0.078 |       37 |     15850 |            0.23 |
|   BUFG         |     0.006 |        1 |        32 |            3.13 |
|   Others       |     0.000 |       58 |       --- |             --- |
| Signals        |     0.774 |      509 |       --- |             --- |
| I/O            |     4.783 |       29 |       210 |           13.81 |
| Static Power   |     0.137 |          |           |                 |
| Total          |     6.492 |          |           |                 |
+----------------+-----------+----------+-----------+-----------------+


1.2 Power Supply Summary
------------------------

+-----------+-------------+-----------+-------------+------------+
| Source    | Voltage (V) | Total (A) | Dynamic (A) | Static (A) |
+-----------+-------------+-----------+-------------+------------+
| Vccint    |       1.000 |     1.623 |       1.576 |      0.048 |
| Vccaux    |       1.800 |     0.197 |       0.175 |      0.022 |
| Vcco33    |       3.300 |     1.357 |       1.353 |      0.004 |
| Vcco25    |       2.500 |     0.000 |       0.000 |      0.000 |
| Vcco18    |       1.800 |     0.000 |       0.000 |      0.000 |
| Vcco15    |       1.500 |     0.000 |       0.000 |      0.000 |
| Vcco135   |       1.350 |     0.000 |       0.000 |      0.000 |
| Vcco12    |       1.200 |     0.000 |       0.000 |      0.000 |
| Vccaux_io |       1.800 |     0.000 |       0.000 |      0.000 |
| Vccbram   |       1.000 |     0.001 |       0.000 |      0.001 |
| MGTAVcc   |       1.000 |     0.000 |       0.000 |      0.000 |
| MGTAVtt   |       1.200 |     0.000 |       0.000 |      0.000 |
| Vccadc    |       1.800 |     0.020 |       0.000 |      0.020 |
+-----------+-------------+-----------+-------------+------------+


1.3 Confidence Level
--------------------

+-----------------------------+------------+--------------------------------------------------------+--------------------------------------------------------------------------------------------------------------------+
| User Input Data             | Confidence | Details                                                | Action                                                                                                             |
+-----------------------------+------------+--------------------------------------------------------+--------------------------------------------------------------------------------------------------------------------+
| Design implementation state | High       | Design is routed                                       |                                                                                                                    |
| Clock nodes activity        | Low        | User specified less than 75% of clocks                 | Provide missing clock activity with a constraint file, simulation results or by editing the "By Clock Domain" view |
| I/O nodes activity          | Low        | More than 75% of inputs are missing user specification | Provide missing input activity with simulation results or by editing the "By Resource Type -> I/Os" view           |
| Internal nodes activity     | Medium     | User specified less than 25% of internal nodes         | Provide missing internal nodes activity with simulation results or by editing the "By Resource Type" views         |
| Device models               | High       | Device models are Production                           |                                                                                                                    |
|                             |            |                                                        |                                                                                                                    |
| Overall confidence level    | Low        |                                                        |                                                                                                                    |
+-----------------------------+------------+--------------------------------------------------------+--------------------------------------------------------------------------------------------------------------------+


2. Settings
-----------

2.1 Environment
---------------

+-----------------------+--------------------------+
| Ambient Temp (C)      | 25.0                     |
| ThetaJA (C/W)         | 4.6                      |
| Airflow (LFM)         | 250                      |
| Heat Sink             | medium (Medium Profile)  |
| ThetaSA (C/W)         | 4.6                      |
| Board Selection       | medium (10"x10")         |
| # of Board Layers     | 12to15 (12 to 15 Layers) |
| Board Temperature (C) | 25.0                     |
+-----------------------+--------------------------+


2.2 Clock Constraints
---------------------

+-------+--------+-----------------+
| Clock | Domain | Constraint (ns) |
+-------+--------+-----------------+


3. Detailed Reports
-------------------

3.1 By Hierarchy
----------------

+---------------------+-----------+
| Name                | Power (W) |
+---------------------+-----------+
| RISCVHandler        |     6.355 |
|   ID_EX             |     0.025 |
|     genblk1[117].FF |     0.016 |
|     genblk1[118].FF |     0.004 |
|     genblk1[119].FF |     0.003 |
|     genblk1[120].FF |     0.003 |
|     genblk1[121].FF |    <0.001 |
|     genblk1[122].FF |    <0.001 |
|   IF_ID             |     0.027 |
|     genblk1[34].FF  |     0.015 |
|     genblk1[35].FF  |     0.006 |
|     genblk1[36].FF  |     0.004 |
|     genblk1[37].FF  |     0.002 |
|     genblk1[38].FF  |    <0.001 |
|     genblk1[39].FF  |    <0.001 |
|   PC_reg            |     0.132 |
|     genblk1[2].mod2 |     0.058 |
|     genblk1[3].mod2 |     0.019 |
|     genblk1[4].mod2 |     0.017 |
|     genblk1[5].mod2 |     0.014 |
|     genblk1[6].mod2 |     0.014 |
|     genblk1[7].mod2 |     0.010 |
|   modssd            |     0.138 |
|   nolabel_line10    |     1.148 |
|     IN0             |     0.138 |
|     IN1             |     0.140 |
|     IN2             |     0.162 |
|     IN3             |     0.137 |
|     IN4             |     0.151 |
|     IN5             |     0.144 |
|     IN6             |     0.143 |
|     IN7             |     0.132 |
+---------------------+-----------+


