#-----------------------------------------------------------
# Vivado v2016.4 (64-bit)
# SW Build 1733598 on Wed Dec 14 22:35:39 MST 2016
# IP Build 1731160 on Wed Dec 14 23:47:21 MST 2016
# Start of session at: Sun Nov 22 20:18:49 2020
# Process ID: 7884
# Current directory: C:/Users/csce/Desktop/MS4_Latest/MS4
# Command line: vivado.exe -gui_launcher_event rodinguilauncherevent10088 C:\Users\csce\Desktop\MS4_Latest\MS4\MS4.xpr
# Log file: C:/Users/csce/Desktop/MS4_Latest/MS4/vivado.log
# Journal file: C:/Users/csce/Desktop/MS4_Latest/MS4\vivado.jou
#-----------------------------------------------------------
start_gui
open_project C:/Users/csce/Desktop/MS4_Latest/MS4/MS4.xpr
INFO: [Project 1-313] Project file moved from 'C:/Users/CSE.CAL/Desktop/MS4_Latest/MS4' since last save.
Scanning sources...
Finished scanning sources
INFO: [IP_Flow 19-234] Refreshing IP repositories
INFO: [IP_Flow 19-1704] No user IP repositories specified
INFO: [IP_Flow 19-2313] Loaded Vivado IP repository 'C:/Xilinx/Vivado/2016.4/data/ip'.
close [ open C:/Users/csce/Desktop/MS4_Latest/MS4/MS4.srcs/sources_1/new/multiple_keys.v w ]
add_files C:/Users/csce/Desktop/MS4_Latest/MS4/MS4.srcs/sources_1/new/multiple_keys.v
close [ open C:/Users/csce/Desktop/MS4_Latest/MS4/MS4.srcs/sources_1/new/uart_switch.v w ]
add_files C:/Users/csce/Desktop/MS4_Latest/MS4/MS4.srcs/sources_1/new/uart_switch.v
close [ open C:/Users/csce/Desktop/MS4_Latest/MS4/MS4.srcs/sources_1/new/UART_receiver_switch.v w ]
add_files C:/Users/csce/Desktop/MS4_Latest/MS4/MS4.srcs/sources_1/new/UART_receiver_switch.v
set_property is_enabled false [get_files  C:/Users/csce/Desktop/MS4_Latest/MS4/MS4.srcs/sources_1/new/uart_switch.v]
file mkdir C:/Users/csce/Desktop/MS4_Latest/MS4/MS4.srcs/constrs_1
file mkdir C:/Users/csce/Desktop/MS4_Latest/MS4/MS4.srcs/constrs_1/new
close [ open C:/Users/csce/Desktop/MS4_Latest/MS4/MS4.srcs/constrs_1/new/my_contraint.xdc w ]
add_files -fileset constrs_1 C:/Users/csce/Desktop/MS4_Latest/MS4/MS4.srcs/constrs_1/new/my_contraint.xdc
close [ open C:/Users/csce/Desktop/MS4_Latest/MS4/MS4.srcs/sources_1/new/Four_Digit_Seven_Segment_Driver_Optimized.v w ]
add_files C:/Users/csce/Desktop/MS4_Latest/MS4/MS4.srcs/sources_1/new/Four_Digit_Seven_Segment_Driver_Optimized.v
close [ open C:/Users/csce/Desktop/MS4_Latest/MS4/MS4.srcs/sources_1/new/top_module.v w ]
add_files C:/Users/csce/Desktop/MS4_Latest/MS4/MS4.srcs/sources_1/new/top_module.v
set_property is_enabled false [get_files  C:/Users/csce/Desktop/MS4_Latest/MS4/MS4.srcs/sources_1/new/top_module.v]
launch_runs impl_1 -to_step write_bitstream -jobs 4
[Sun Nov 22 22:59:35 2020] Launched synth_1...
Run output will be captured here: C:/Users/csce/Desktop/MS4_Latest/MS4/MS4.runs/synth_1/runme.log
[Sun Nov 22 22:59:35 2020] Launched impl_1...
Run output will be captured here: C:/Users/csce/Desktop/MS4_Latest/MS4/MS4.runs/impl_1/runme.log
reset_run synth_1
launch_runs impl_1 -to_step write_bitstream -jobs 4
[Sun Nov 22 23:00:38 2020] Launched synth_1...
Run output will be captured here: C:/Users/csce/Desktop/MS4_Latest/MS4/MS4.runs/synth_1/runme.log
[Sun Nov 22 23:00:38 2020] Launched impl_1...
Run output will be captured here: C:/Users/csce/Desktop/MS4_Latest/MS4/MS4.runs/impl_1/runme.log
error
wrong # args: should be "error message ?errorInfo? ?errorCode?"
reset_run synth_1
launch_runs impl_1 -to_step write_bitstream -jobs 4
[Sun Nov 22 23:04:51 2020] Launched synth_1...
Run output will be captured here: C:/Users/csce/Desktop/MS4_Latest/MS4/MS4.runs/synth_1/runme.log
[Sun Nov 22 23:04:51 2020] Launched impl_1...
Run output will be captured here: C:/Users/csce/Desktop/MS4_Latest/MS4/MS4.runs/impl_1/runme.log
reset_run synth_1
launch_runs impl_1 -to_step write_bitstream -jobs 4
[Sun Nov 22 23:09:48 2020] Launched synth_1...
Run output will be captured here: C:/Users/csce/Desktop/MS4_Latest/MS4/MS4.runs/synth_1/runme.log
[Sun Nov 22 23:09:48 2020] Launched impl_1...
Run output will be captured here: C:/Users/csce/Desktop/MS4_Latest/MS4/MS4.runs/impl_1/runme.log
exit
INFO: [Common 17-206] Exiting Vivado at Sun Nov 22 23:12:56 2020...
